[debug] [2025-05-19T13:37:36.739Z] ----------------------------------------------------------------------
[debug] [2025-05-19T13:37:36.743Z] Command:       /Users/lukefryer/.nvm/versions/node/v20.19.1/bin/node /Users/lukefryer/.nvm/versions/node/v20.19.1/bin/firebase init apphosting
[debug] [2025-05-19T13:37:36.743Z] CLI Version:   14.4.0
[debug] [2025-05-19T13:37:36.743Z] Platform:      darwin
[debug] [2025-05-19T13:37:36.743Z] Node Version:  v20.19.1
[debug] [2025-05-19T13:37:36.743Z] Time:          Mon May 19 2025 14:37:36 GMT+0100 (British Summer Time)
[debug] [2025-05-19T13:37:36.743Z] ----------------------------------------------------------------------
[debug] 
[debug] [2025-05-19T13:37:36.814Z] > command requires scopes: ["email","openid","https://www.googleapis.com/auth/cloudplatformprojects.readonly","https://www.googleapis.com/auth/firebase","https://www.googleapis.com/auth/cloud-platform"]
[debug] [2025-05-19T13:37:36.815Z] > authorizing via signed-in user (luke@mcconversions.uk)
[info] 
     ######## #### ########  ######## ########     ###     ######  ########
     ##        ##  ##     ## ##       ##     ##  ##   ##  ##       ##
     ######    ##  ########  ######   ########  #########  ######  ######
     ##        ##  ##    ##  ##       ##     ## ##     ##       ## ##
     ##       #### ##     ## ######## ########  ##     ##  ######  ########

You're about to initialize a Firebase project in this directory:

  /Users/lukefryer/Documents/GitHub/Oak-Structures-website/oak-structures-new

Before we get started, keep in mind:

  * You are initializing within an existing Firebase project directory

[info] 
=== Project Setup
[info] 
[info] First, let's associate this project directory with a Firebase project.
[info] You can create multiple project aliases by running firebase use --add, 
[info] but for now we'll just set up a default project.
[info] 
[debug] [2025-05-19T13:37:36.816Z] Using project from CLI flag: test-solid-oak
[debug] [2025-05-19T13:37:36.816Z] Checked if tokens are valid: true, expires at: 1747662923966
[debug] [2025-05-19T13:37:36.817Z] Checked if tokens are valid: true, expires at: 1747662923966
[debug] [2025-05-19T13:37:36.817Z] >>> [apiv2][query] GET https://firebase.googleapis.com/v1beta1/projects/test-solid-oak [none]
[debug] [2025-05-19T13:37:37.201Z] <<< [apiv2][status] GET https://firebase.googleapis.com/v1beta1/projects/test-solid-oak 200
[debug] [2025-05-19T13:37:37.201Z] <<< [apiv2][body] GET https://firebase.googleapis.com/v1beta1/projects/test-solid-oak {"projectId":"test-solid-oak","projectNumber":"518685011024","displayName":"test solid oak","name":"projects/test-solid-oak","resources":{"hostingSite":"test-solid-oak"},"state":"ACTIVE","etag":"1_65877fa6-cee4-44ea-8306-1497462a940c"}
[info] i  Using project test-solid-oak (test solid oak) 
[info] 
=== App Hosting Setup
[debug] [2025-05-19T13:37:37.210Z] Checked if tokens are valid: true, expires at: 1747662923966
[debug] [2025-05-19T13:37:37.210Z] Checked if tokens are valid: true, expires at: 1747662923966
[debug] [2025-05-19T13:37:37.210Z] >>> [apiv2][query] GET https://cloudbilling.googleapis.com/v1/projects/test-solid-oak/billingInfo [none]
[debug] [2025-05-19T13:37:38.152Z] <<< [apiv2][status] GET https://cloudbilling.googleapis.com/v1/projects/test-solid-oak/billingInfo 200
[debug] [2025-05-19T13:37:38.152Z] <<< [apiv2][body] GET https://cloudbilling.googleapis.com/v1/projects/test-solid-oak/billingInfo {"name":"projects/test-solid-oak/billingInfo","projectId":"test-solid-oak","billingAccountName":"billingAccounts/0106FD-7F99F0-0008B8","billingEnabled":true}
[debug] [2025-05-19T13:37:38.153Z] Checked if tokens are valid: true, expires at: 1747662923966
[debug] [2025-05-19T13:37:38.153Z] Checked if tokens are valid: true, expires at: 1747662923966
[debug] [2025-05-19T13:37:38.153Z] >>> [apiv2][query] GET https://serviceusage.googleapis.com/v1/projects/test-solid-oak/services/firebaseapphosting.googleapis.com [none]
[debug] [2025-05-19T13:37:38.153Z] >>> [apiv2][(partial)header] GET https://serviceusage.googleapis.com/v1/projects/test-solid-oak/services/firebaseapphosting.googleapis.com x-goog-quota-user=projects/test-solid-oak
[debug] [2025-05-19T13:37:39.000Z] <<< [apiv2][status] GET https://serviceusage.googleapis.com/v1/projects/test-solid-oak/services/firebaseapphosting.googleapis.com 200
[debug] [2025-05-19T13:37:39.001Z] <<< [apiv2][body] GET https://serviceusage.googleapis.com/v1/projects/test-solid-oak/services/firebaseapphosting.googleapis.com [omitted]
[debug] [2025-05-19T13:37:39.001Z] Checked if tokens are valid: true, expires at: 1747662923966
[debug] [2025-05-19T13:37:39.001Z] Checked if tokens are valid: true, expires at: 1747662923966
[debug] [2025-05-19T13:37:39.001Z] >>> [apiv2][query] POST https://serviceusage.googleapis.com/v1/projects/test-solid-oak/services/firebaseapphosting.googleapis.com:enable [none]
[debug] [2025-05-19T13:37:39.001Z] >>> [apiv2][(partial)header] POST https://serviceusage.googleapis.com/v1/projects/test-solid-oak/services/firebaseapphosting.googleapis.com:enable x-goog-quota-user=projects/test-solid-oak
[debug] [2025-05-19T13:37:39.769Z] <<< [apiv2][status] POST https://serviceusage.googleapis.com/v1/projects/test-solid-oak/services/firebaseapphosting.googleapis.com:enable 200
[debug] [2025-05-19T13:37:39.769Z] <<< [apiv2][body] POST https://serviceusage.googleapis.com/v1/projects/test-solid-oak/services/firebaseapphosting.googleapis.com:enable [omitted]
[debug] [2025-05-19T13:37:49.771Z] Checked if tokens are valid: true, expires at: 1747662923966
[debug] [2025-05-19T13:37:49.771Z] Checked if tokens are valid: true, expires at: 1747662923966
[debug] [2025-05-19T13:37:49.772Z] >>> [apiv2][query] GET https://serviceusage.googleapis.com/v1/projects/test-solid-oak/services/firebaseapphosting.googleapis.com [none]
[debug] [2025-05-19T13:37:49.772Z] >>> [apiv2][(partial)header] GET https://serviceusage.googleapis.com/v1/projects/test-solid-oak/services/firebaseapphosting.googleapis.com x-goog-quota-user=projects/test-solid-oak
[debug] [2025-05-19T13:37:50.585Z] <<< [apiv2][status] GET https://serviceusage.googleapis.com/v1/projects/test-solid-oak/services/firebaseapphosting.googleapis.com 200
[debug] [2025-05-19T13:37:50.586Z] <<< [apiv2][body] GET https://serviceusage.googleapis.com/v1/projects/test-solid-oak/services/firebaseapphosting.googleapis.com [omitted]
[debug] [2025-05-19T13:37:50.590Z] Checked if tokens are valid: true, expires at: 1747662923966
[debug] [2025-05-19T13:37:50.590Z] Checked if tokens are valid: true, expires at: 1747662923966
[debug] [2025-05-19T13:37:50.590Z] Checked if tokens are valid: true, expires at: 1747662923966
[debug] [2025-05-19T13:37:50.590Z] Checked if tokens are valid: true, expires at: 1747662923966
[debug] [2025-05-19T13:37:50.590Z] Checked if tokens are valid: true, expires at: 1747662923966
[debug] [2025-05-19T13:37:50.590Z] Checked if tokens are valid: true, expires at: 1747662923966
[debug] [2025-05-19T13:37:50.590Z] Checked if tokens are valid: true, expires at: 1747662923966
[debug] [2025-05-19T13:37:50.590Z] Checked if tokens are valid: true, expires at: 1747662923966
[debug] [2025-05-19T13:37:50.590Z] Checked if tokens are valid: true, expires at: 1747662923966
[debug] [2025-05-19T13:37:50.590Z] Checked if tokens are valid: true, expires at: 1747662923966
[debug] [2025-05-19T13:37:50.590Z] Checked if tokens are valid: true, expires at: 1747662923966
[debug] [2025-05-19T13:37:50.590Z] Checked if tokens are valid: true, expires at: 1747662923966
[debug] [2025-05-19T13:37:50.590Z] >>> [apiv2][query] GET https://serviceusage.googleapis.com/v1/projects/test-solid-oak/services/developerconnect.googleapis.com [none]
[debug] [2025-05-19T13:37:50.590Z] >>> [apiv2][(partial)header] GET https://serviceusage.googleapis.com/v1/projects/test-solid-oak/services/developerconnect.googleapis.com x-goog-quota-user=projects/test-solid-oak
[debug] [2025-05-19T13:37:50.591Z] >>> [apiv2][query] GET https://serviceusage.googleapis.com/v1/projects/test-solid-oak/services/cloudbuild.googleapis.com [none]
[debug] [2025-05-19T13:37:50.591Z] >>> [apiv2][(partial)header] GET https://serviceusage.googleapis.com/v1/projects/test-solid-oak/services/cloudbuild.googleapis.com x-goog-quota-user=projects/test-solid-oak
[debug] [2025-05-19T13:37:50.593Z] >>> [apiv2][query] GET https://serviceusage.googleapis.com/v1/projects/test-solid-oak/services/secretmanager.googleapis.com [none]
[debug] [2025-05-19T13:37:50.593Z] >>> [apiv2][(partial)header] GET https://serviceusage.googleapis.com/v1/projects/test-solid-oak/services/secretmanager.googleapis.com x-goog-quota-user=projects/test-solid-oak
[debug] [2025-05-19T13:37:50.594Z] >>> [apiv2][query] GET https://serviceusage.googleapis.com/v1/projects/test-solid-oak/services/run.googleapis.com [none]
[debug] [2025-05-19T13:37:50.594Z] >>> [apiv2][(partial)header] GET https://serviceusage.googleapis.com/v1/projects/test-solid-oak/services/run.googleapis.com x-goog-quota-user=projects/test-solid-oak
[debug] [2025-05-19T13:37:50.595Z] >>> [apiv2][query] GET https://serviceusage.googleapis.com/v1/projects/test-solid-oak/services/artifactregistry.googleapis.com [none]
[debug] [2025-05-19T13:37:50.595Z] >>> [apiv2][(partial)header] GET https://serviceusage.googleapis.com/v1/projects/test-solid-oak/services/artifactregistry.googleapis.com x-goog-quota-user=projects/test-solid-oak
[debug] [2025-05-19T13:37:50.598Z] >>> [apiv2][query] GET https://serviceusage.googleapis.com/v1/projects/test-solid-oak/services/iam.googleapis.com [none]
[debug] [2025-05-19T13:37:50.598Z] >>> [apiv2][(partial)header] GET https://serviceusage.googleapis.com/v1/projects/test-solid-oak/services/iam.googleapis.com x-goog-quota-user=projects/test-solid-oak
[debug] [2025-05-19T13:37:51.384Z] <<< [apiv2][status] GET https://serviceusage.googleapis.com/v1/projects/test-solid-oak/services/developerconnect.googleapis.com 200
[debug] [2025-05-19T13:37:51.384Z] <<< [apiv2][body] GET https://serviceusage.googleapis.com/v1/projects/test-solid-oak/services/developerconnect.googleapis.com [omitted]
[debug] [2025-05-19T13:37:51.384Z] Checked if tokens are valid: true, expires at: 1747662923966
[debug] [2025-05-19T13:37:51.384Z] Checked if tokens are valid: true, expires at: 1747662923966
[debug] [2025-05-19T13:37:51.384Z] >>> [apiv2][query] POST https://serviceusage.googleapis.com/v1/projects/test-solid-oak/services/developerconnect.googleapis.com:enable [none]
[debug] [2025-05-19T13:37:51.384Z] >>> [apiv2][(partial)header] POST https://serviceusage.googleapis.com/v1/projects/test-solid-oak/services/developerconnect.googleapis.com:enable x-goog-quota-user=projects/test-solid-oak
[debug] [2025-05-19T13:37:51.400Z] <<< [apiv2][status] GET https://serviceusage.googleapis.com/v1/projects/test-solid-oak/services/run.googleapis.com 200
[debug] [2025-05-19T13:37:51.400Z] <<< [apiv2][body] GET https://serviceusage.googleapis.com/v1/projects/test-solid-oak/services/run.googleapis.com [omitted]
[debug] [2025-05-19T13:37:51.411Z] <<< [apiv2][status] GET https://serviceusage.googleapis.com/v1/projects/test-solid-oak/services/secretmanager.googleapis.com 200
[debug] [2025-05-19T13:37:51.412Z] <<< [apiv2][body] GET https://serviceusage.googleapis.com/v1/projects/test-solid-oak/services/secretmanager.googleapis.com [omitted]
[debug] [2025-05-19T13:37:51.419Z] <<< [apiv2][status] GET https://serviceusage.googleapis.com/v1/projects/test-solid-oak/services/artifactregistry.googleapis.com 200
[debug] [2025-05-19T13:37:51.419Z] <<< [apiv2][body] GET https://serviceusage.googleapis.com/v1/projects/test-solid-oak/services/artifactregistry.googleapis.com [omitted]
[debug] [2025-05-19T13:37:51.420Z] <<< [apiv2][status] GET https://serviceusage.googleapis.com/v1/projects/test-solid-oak/services/iam.googleapis.com 200
[debug] [2025-05-19T13:37:51.420Z] <<< [apiv2][body] GET https://serviceusage.googleapis.com/v1/projects/test-solid-oak/services/iam.googleapis.com [omitted]
[debug] [2025-05-19T13:37:51.429Z] <<< [apiv2][status] GET https://serviceusage.googleapis.com/v1/projects/test-solid-oak/services/cloudbuild.googleapis.com 200
[debug] [2025-05-19T13:37:51.429Z] <<< [apiv2][body] GET https://serviceusage.googleapis.com/v1/projects/test-solid-oak/services/cloudbuild.googleapis.com [omitted]
[debug] [2025-05-19T13:37:52.263Z] <<< [apiv2][status] POST https://serviceusage.googleapis.com/v1/projects/test-solid-oak/services/developerconnect.googleapis.com:enable 200
[debug] [2025-05-19T13:37:52.263Z] <<< [apiv2][body] POST https://serviceusage.googleapis.com/v1/projects/test-solid-oak/services/developerconnect.googleapis.com:enable [omitted]
[debug] [2025-05-19T13:38:02.264Z] Checked if tokens are valid: true, expires at: 1747662923966
[debug] [2025-05-19T13:38:02.265Z] Checked if tokens are valid: true, expires at: 1747662923966
[debug] [2025-05-19T13:38:02.265Z] >>> [apiv2][query] GET https://serviceusage.googleapis.com/v1/projects/test-solid-oak/services/developerconnect.googleapis.com [none]
[debug] [2025-05-19T13:38:02.265Z] >>> [apiv2][(partial)header] GET https://serviceusage.googleapis.com/v1/projects/test-solid-oak/services/developerconnect.googleapis.com x-goog-quota-user=projects/test-solid-oak
[debug] [2025-05-19T13:38:03.219Z] <<< [apiv2][status] GET https://serviceusage.googleapis.com/v1/projects/test-solid-oak/services/developerconnect.googleapis.com 200
[debug] [2025-05-19T13:38:03.219Z] <<< [apiv2][body] GET https://serviceusage.googleapis.com/v1/projects/test-solid-oak/services/developerconnect.googleapis.com [omitted]
[debug] [2025-05-19T13:38:03.222Z] Checked if tokens are valid: true, expires at: 1747662923966
[debug] [2025-05-19T13:38:03.223Z] Checked if tokens are valid: true, expires at: 1747662923966
[debug] [2025-05-19T13:38:03.223Z] >>> [apiv2][query] POST https://iam.googleapis.com/v1/projects/test-solid-oak/serviceAccounts/firebase-app-hosting-compute@test-solid-oak.iam.gserviceaccount.com:testIamPermissions [none]
[debug] [2025-05-19T13:38:03.223Z] >>> [apiv2][(partial)header] POST https://iam.googleapis.com/v1/projects/test-solid-oak/serviceAccounts/firebase-app-hosting-compute@test-solid-oak.iam.gserviceaccount.com:testIamPermissions x-goog-quota-user=projects/test-solid-oak
[debug] [2025-05-19T13:38:03.223Z] >>> [apiv2][body] POST https://iam.googleapis.com/v1/projects/test-solid-oak/serviceAccounts/firebase-app-hosting-compute@test-solid-oak.iam.gserviceaccount.com:testIamPermissions {"permissions":["iam.serviceAccounts.actAs"]}
[debug] [2025-05-19T13:38:04.037Z] <<< [apiv2][status] POST https://iam.googleapis.com/v1/projects/test-solid-oak/serviceAccounts/firebase-app-hosting-compute@test-solid-oak.iam.gserviceaccount.com:testIamPermissions 404
[debug] [2025-05-19T13:38:04.037Z] <<< [apiv2][body] POST https://iam.googleapis.com/v1/projects/test-solid-oak/serviceAccounts/firebase-app-hosting-compute@test-solid-oak.iam.gserviceaccount.com:testIamPermissions {"error":{"code":404,"message":"Unknown service account","status":"NOT_FOUND"}}
[debug] [2025-05-19T13:38:04.038Z] Checked if tokens are valid: true, expires at: 1747662923966
[debug] [2025-05-19T13:38:04.038Z] Checked if tokens are valid: true, expires at: 1747662923966
[debug] [2025-05-19T13:38:04.039Z] >>> [apiv2][query] POST https://iam.googleapis.com/v1/projects/test-solid-oak/serviceAccounts [none]
[debug] [2025-05-19T13:38:04.039Z] >>> [apiv2][body] POST https://iam.googleapis.com/v1/projects/test-solid-oak/serviceAccounts {"accountId":"firebase-app-hosting-compute","serviceAccount":{"displayName":"Firebase App Hosting compute service account","description":"Default service account used to run builds and deploys for Firebase App Hosting"}}
[debug] [2025-05-19T13:38:04.960Z] <<< [apiv2][status] POST https://iam.googleapis.com/v1/projects/test-solid-oak/serviceAccounts 200
[debug] [2025-05-19T13:38:04.960Z] <<< [apiv2][body] POST https://iam.googleapis.com/v1/projects/test-solid-oak/serviceAccounts [omitted]
[debug] [2025-05-19T13:38:04.961Z] Checked if tokens are valid: true, expires at: 1747662923966
[debug] [2025-05-19T13:38:04.961Z] Checked if tokens are valid: true, expires at: 1747662923966
[debug] [2025-05-19T13:38:04.961Z] >>> [apiv2][query] POST https://cloudresourcemanager.googleapis.com/v1/projects/test-solid-oak:getIamPolicy [none]
[debug] [2025-05-19T13:38:05.777Z] <<< [apiv2][status] POST https://cloudresourcemanager.googleapis.com/v1/projects/test-solid-oak:getIamPolicy 200
[debug] [2025-05-19T13:38:05.777Z] <<< [apiv2][body] POST https://cloudresourcemanager.googleapis.com/v1/projects/test-solid-oak:getIamPolicy {"version":1,"etag":"BwY1fTyoBvY=","bindings":[{"role":"roles/cloudbuild.builds.builder","members":["serviceAccount:518685011024@cloudbuild.gserviceaccount.com"]},{"role":"roles/cloudbuild.serviceAgent","members":["serviceAccount:service-518685011024@gcp-sa-cloudbuild.iam.gserviceaccount.com"]},{"role":"roles/cloudfunctions.developer","members":["serviceAccount:github-action-979174732@test-solid-oak.iam.gserviceaccount.com"]},{"role":"roles/containerregistry.ServiceAgent","members":["serviceAccount:service-518685011024@containerregistry.iam.gserviceaccount.com"]},{"role":"roles/editor","members":["serviceAccount:518685011024-compute@developer.gserviceaccount.com"]},{"role":"roles/firebase.managementServiceAgent","members":["serviceAccount:service-518685011024@gcp-sa-firebase.iam.gserviceaccount.com"]},{"role":"roles/firebase.sdkAdminServiceAgent","members":["serviceAccount:firebase-adminsdk-fbsvc@test-solid-oak.iam.gserviceaccount.com"]},{"role":"roles/firebaseauth.admin","members":["serviceAccount:github-action-979174732@test-solid-oak.iam.gserviceaccount.com"]},{"role":"roles/firebasehosting.admin","members":["serviceAccount:github-action-979174732@test-solid-oak.iam.gserviceaccount.com"]},{"role":"roles/iam.serviceAccountTokenCreator","members":["serviceAccount:firebase-adminsdk-fbsvc@test-solid-oak.iam.gserviceaccount.com"]},{"role":"roles/owner","members":["user:luke@mcconversions.uk"]},{"role":"roles/run.serviceAgent","members":["serviceAccount:service-518685011024@serverless-robot-prod.iam.gserviceaccount.com"]},{"role":"roles/run.viewer","members":["serviceAccount:github-action-979174732@test-solid-oak.iam.gserviceaccount.com"]},{"role":"roles/serviceusage.apiKeysViewer","members":["serviceAccount:github-action-979174732@test-solid-oak.iam.gserviceaccount.com"]},{"role":"roles/serviceusage.serviceUsageConsumer","members":["serviceAccount:github-action-979174732@test-solid-oak.iam.gserviceaccount.com"]}]}
[debug] [2025-05-19T13:38:05.778Z] Checked if tokens are valid: true, expires at: 1747662923966
[debug] [2025-05-19T13:38:05.778Z] Checked if tokens are valid: true, expires at: 1747662923966
[debug] [2025-05-19T13:38:05.778Z] >>> [apiv2][query] POST https://cloudresourcemanager.googleapis.com/v1/projects/test-solid-oak:setIamPolicy [none]
[debug] [2025-05-19T13:38:05.778Z] >>> [apiv2][body] POST https://cloudresourcemanager.googleapis.com/v1/projects/test-solid-oak:setIamPolicy {"policy":{"version":1,"etag":"BwY1fTyoBvY=","bindings":[{"role":"roles/cloudbuild.builds.builder","members":["serviceAccount:518685011024@cloudbuild.gserviceaccount.com"]},{"role":"roles/cloudbuild.serviceAgent","members":["serviceAccount:service-518685011024@gcp-sa-cloudbuild.iam.gserviceaccount.com"]},{"role":"roles/cloudfunctions.developer","members":["serviceAccount:github-action-979174732@test-solid-oak.iam.gserviceaccount.com"]},{"role":"roles/containerregistry.ServiceAgent","members":["serviceAccount:service-518685011024@containerregistry.iam.gserviceaccount.com"]},{"role":"roles/editor","members":["serviceAccount:518685011024-compute@developer.gserviceaccount.com"]},{"role":"roles/firebase.managementServiceAgent","members":["serviceAccount:service-518685011024@gcp-sa-firebase.iam.gserviceaccount.com"]},{"role":"roles/firebase.sdkAdminServiceAgent","members":["serviceAccount:firebase-adminsdk-fbsvc@test-solid-oak.iam.gserviceaccount.com","serviceAccount:firebase-app-hosting-compute@test-solid-oak.iam.gserviceaccount.com"]},{"role":"roles/firebaseauth.admin","members":["serviceAccount:github-action-979174732@test-solid-oak.iam.gserviceaccount.com"]},{"role":"roles/firebasehosting.admin","members":["serviceAccount:github-action-979174732@test-solid-oak.iam.gserviceaccount.com"]},{"role":"roles/iam.serviceAccountTokenCreator","members":["serviceAccount:firebase-adminsdk-fbsvc@test-solid-oak.iam.gserviceaccount.com"]},{"role":"roles/owner","members":["user:luke@mcconversions.uk"]},{"role":"roles/run.serviceAgent","members":["serviceAccount:service-518685011024@serverless-robot-prod.iam.gserviceaccount.com"]},{"role":"roles/run.viewer","members":["serviceAccount:github-action-979174732@test-solid-oak.iam.gserviceaccount.com"]},{"role":"roles/serviceusage.apiKeysViewer","members":["serviceAccount:github-action-979174732@test-solid-oak.iam.gserviceaccount.com"]},{"role":"roles/serviceusage.serviceUsageConsumer","members":["serviceAccount:github-action-979174732@test-solid-oak.iam.gserviceaccount.com"]},{"role":"roles/firebaseapphosting.computeRunner","members":["serviceAccount:firebase-app-hosting-compute@test-solid-oak.iam.gserviceaccount.com"]},{"role":"roles/developerconnect.readTokenAccessor","members":["serviceAccount:firebase-app-hosting-compute@test-solid-oak.iam.gserviceaccount.com"]},{"role":"roles/storage.objectViewer","members":["serviceAccount:firebase-app-hosting-compute@test-solid-oak.iam.gserviceaccount.com"]}]},"updateMask":"bindings"}
[debug] [2025-05-19T13:38:06.935Z] <<< [apiv2][status] POST https://cloudresourcemanager.googleapis.com/v1/projects/test-solid-oak:setIamPolicy 200
[debug] [2025-05-19T13:38:06.936Z] <<< [apiv2][body] POST https://cloudresourcemanager.googleapis.com/v1/projects/test-solid-oak:setIamPolicy {"version":1,"etag":"BwY1fT30yb4=","bindings":[{"role":"roles/cloudbuild.builds.builder","members":["serviceAccount:518685011024@cloudbuild.gserviceaccount.com"]},{"role":"roles/cloudbuild.serviceAgent","members":["serviceAccount:service-518685011024@gcp-sa-cloudbuild.iam.gserviceaccount.com"]},{"role":"roles/cloudfunctions.developer","members":["serviceAccount:github-action-979174732@test-solid-oak.iam.gserviceaccount.com"]},{"role":"roles/containerregistry.ServiceAgent","members":["serviceAccount:service-518685011024@containerregistry.iam.gserviceaccount.com"]},{"role":"roles/developerconnect.readTokenAccessor","members":["serviceAccount:firebase-app-hosting-compute@test-solid-oak.iam.gserviceaccount.com"]},{"role":"roles/editor","members":["serviceAccount:518685011024-compute@developer.gserviceaccount.com"]},{"role":"roles/firebase.managementServiceAgent","members":["serviceAccount:service-518685011024@gcp-sa-firebase.iam.gserviceaccount.com"]},{"role":"roles/firebase.sdkAdminServiceAgent","members":["serviceAccount:firebase-adminsdk-fbsvc@test-solid-oak.iam.gserviceaccount.com","serviceAccount:firebase-app-hosting-compute@test-solid-oak.iam.gserviceaccount.com"]},{"role":"roles/firebaseapphosting.computeRunner","members":["serviceAccount:firebase-app-hosting-compute@test-solid-oak.iam.gserviceaccount.com"]},{"role":"roles/firebaseauth.admin","members":["serviceAccount:github-action-979174732@test-solid-oak.iam.gserviceaccount.com"]},{"role":"roles/firebasehosting.admin","members":["serviceAccount:github-action-979174732@test-solid-oak.iam.gserviceaccount.com"]},{"role":"roles/iam.serviceAccountTokenCreator","members":["serviceAccount:firebase-adminsdk-fbsvc@test-solid-oak.iam.gserviceaccount.com"]},{"role":"roles/owner","members":["user:luke@mcconversions.uk"]},{"role":"roles/run.serviceAgent","members":["serviceAccount:service-518685011024@serverless-robot-prod.iam.gserviceaccount.com"]},{"role":"roles/run.viewer","members":["serviceAccount:github-action-979174732@test-solid-oak.iam.gserviceaccount.com"]},{"role":"roles/serviceusage.apiKeysViewer","members":["serviceAccount:github-action-979174732@test-solid-oak.iam.gserviceaccount.com"]},{"role":"roles/serviceusage.serviceUsageConsumer","members":["serviceAccount:github-action-979174732@test-solid-oak.iam.gserviceaccount.com"]},{"role":"roles/storage.objectViewer","members":["serviceAccount:firebase-app-hosting-compute@test-solid-oak.iam.gserviceaccount.com"]}]}
[debug] [2025-05-19T13:38:06.936Z] Checked if tokens are valid: true, expires at: 1747662923966
[debug] [2025-05-19T13:38:06.936Z] Checked if tokens are valid: true, expires at: 1747662923966
[debug] [2025-05-19T13:38:06.936Z] >>> [apiv2][query] POST https://cloudresourcemanager.googleapis.com/v1/projects/test-solid-oak:getIamPolicy [none]
[debug] [2025-05-19T13:38:07.155Z] <<< [apiv2][status] POST https://cloudresourcemanager.googleapis.com/v1/projects/test-solid-oak:getIamPolicy 200
[debug] [2025-05-19T13:38:07.156Z] <<< [apiv2][body] POST https://cloudresourcemanager.googleapis.com/v1/projects/test-solid-oak:getIamPolicy {"version":1,"etag":"BwY1fT30yb4=","bindings":[{"role":"roles/cloudbuild.builds.builder","members":["serviceAccount:518685011024@cloudbuild.gserviceaccount.com"]},{"role":"roles/cloudbuild.serviceAgent","members":["serviceAccount:service-518685011024@gcp-sa-cloudbuild.iam.gserviceaccount.com"]},{"role":"roles/cloudfunctions.developer","members":["serviceAccount:github-action-979174732@test-solid-oak.iam.gserviceaccount.com"]},{"role":"roles/containerregistry.ServiceAgent","members":["serviceAccount:service-518685011024@containerregistry.iam.gserviceaccount.com"]},{"role":"roles/developerconnect.readTokenAccessor","members":["serviceAccount:firebase-app-hosting-compute@test-solid-oak.iam.gserviceaccount.com"]},{"role":"roles/editor","members":["serviceAccount:518685011024-compute@developer.gserviceaccount.com"]},{"role":"roles/firebase.managementServiceAgent","members":["serviceAccount:service-518685011024@gcp-sa-firebase.iam.gserviceaccount.com"]},{"role":"roles/firebase.sdkAdminServiceAgent","members":["serviceAccount:firebase-adminsdk-fbsvc@test-solid-oak.iam.gserviceaccount.com","serviceAccount:firebase-app-hosting-compute@test-solid-oak.iam.gserviceaccount.com"]},{"role":"roles/firebaseapphosting.computeRunner","members":["serviceAccount:firebase-app-hosting-compute@test-solid-oak.iam.gserviceaccount.com"]},{"role":"roles/firebaseauth.admin","members":["serviceAccount:github-action-979174732@test-solid-oak.iam.gserviceaccount.com"]},{"role":"roles/firebasehosting.admin","members":["serviceAccount:github-action-979174732@test-solid-oak.iam.gserviceaccount.com"]},{"role":"roles/iam.serviceAccountTokenCreator","members":["serviceAccount:firebase-adminsdk-fbsvc@test-solid-oak.iam.gserviceaccount.com"]},{"role":"roles/owner","members":["user:luke@mcconversions.uk"]},{"role":"roles/run.serviceAgent","members":["serviceAccount:service-518685011024@serverless-robot-prod.iam.gserviceaccount.com"]},{"role":"roles/run.viewer","members":["serviceAccount:github-action-979174732@test-solid-oak.iam.gserviceaccount.com"]},{"role":"roles/serviceusage.apiKeysViewer","members":["serviceAccount:github-action-979174732@test-solid-oak.iam.gserviceaccount.com"]},{"role":"roles/serviceusage.serviceUsageConsumer","members":["serviceAccount:github-action-979174732@test-solid-oak.iam.gserviceaccount.com"]},{"role":"roles/storage.objectViewer","members":["serviceAccount:firebase-app-hosting-compute@test-solid-oak.iam.gserviceaccount.com"]}]}
[info] i  This command links your local project to Firebase App Hosting. You will be able to deploy your web app with `firebase deploy` after setup. 
